<?xml version="1.0" encoding="UTF-8"?>
<!-- Generated by org.testng.reporters.JUnitReportReporter -->
<testsuite hostname="WKWIN0457323" failures="0" tests="3" name="TestCases.DashboardTest" time="23.460" errors="0" timestamp="2025-10-07T05:53:18 IST" skipped="0">
  <testcase classname="TestCases.DashboardTest" name="DashboardLinksTest" time="18.068"/>
  <testcase classname="TestCases.DashboardTest" name="NavigatetoContractsTest" time="4.264"/>
  <testcase classname="TestCases.DashboardTest" name="NavigattoDashboardTest" time="1.128"/>
</testsuite> <!-- TestCases.DashboardTest -->
