<?xml version="1.0" encoding="UTF-8"?>
<!-- Generated by org.testng.reporters.JUnitReportReporter -->
<testsuite hostname="WKWIN0457323" failures="0" tests="3" name="TestCases.DashboardTest" time="24.779" errors="0" timestamp="2025-10-09T14:03:02 IST" skipped="0">
  <testcase classname="TestCases.DashboardTest" name="DashboardLinksTest" time="19.645"/>
  <testcase classname="TestCases.DashboardTest" name="NavigatetoContractsTest" time="4.126"/>
  <testcase classname="TestCases.DashboardTest" name="NavigattoDashboardTest" time="1.008"/>
</testsuite> <!-- TestCases.DashboardTest -->
