<?xml version="1.0" encoding="UTF-8"?>
<!-- Generated by org.testng.reporters.JUnitReportReporter -->
<testsuite hostname="WKWIN0457323" failures="0" tests="3" name="TestCases.DashboardTest" time="35.573" errors="0" timestamp="2025-09-21T16:34:11 IST" skipped="0">
  <testcase classname="TestCases.DashboardTest" name="DashboardLinksTest" time="27.443"/>
  <testcase classname="TestCases.DashboardTest" name="NavigatetoContractsTest" time="5.252"/>
  <testcase classname="TestCases.DashboardTest" name="NavigattoDashboardTest" time="2.878"/>
</testsuite> <!-- TestCases.DashboardTest -->
