<?xml version="1.0" encoding="UTF-8"?>
<!-- Generated by org.testng.reporters.JUnitReportReporter -->
<testsuite hostname="WKWIN0457323" failures="0" tests="1" name="TestCases.ExternalContractsTest" time="21.295" errors="0" timestamp="2025-10-09T14:03:02 IST" skipped="0">
  <testcase classname="TestCases.ExternalContractsTest" name="ContractTest" time="21.295"/>
</testsuite> <!-- TestCases.ExternalContractsTest -->
