<?xml version="1.0" encoding="UTF-8"?>
<!-- Generated by org.testng.reporters.JUnitReportReporter -->
<testsuite hostname="WKWIN0457323" failures="0" tests="1" name="TestCases.ExternalContractsTest" time="25.255" errors="0" timestamp="2025-09-21T16:34:11 IST" skipped="0">
  <testcase classname="TestCases.ExternalContractsTest" name="ContractTest" time="25.255"/>
</testsuite> <!-- TestCases.ExternalContractsTest -->
